#
# A fatal error has been detected by the Java Runtime Environment:
#
#  EXCEPTION_ACCESS_VIOLATION (0xc0000005) at pc=0x00007ffc6415cc1d, pid=368, tid=2620
#
# JRE version: Java(TM) SE Runtime Environment (8.0_65-b17) (build 1.8.0_65-b17)
# Java VM: Java HotSpot(TM) 64-Bit Server VM (25.65-b01 mixed mode windows-amd64 compressed oops)
# Problematic frame:
# C  [amdocl64.dll+0x23cc1d]
#
# Failed to write core dump. Minidumps are not enabled by default on client versions of Windows
#
# If you would like to submit a bug report, please visit:
#   http://bugreport.java.com/bugreport/crash.jsp
# The crash happened outside the Java Virtual Machine in native code.
# See problematic frame for where to report the bug.
#

---------------  T H R E A D  ---------------

Current thread (0x0000000002320800):  JavaThread "main" [_thread_in_native, id=2620, stack(0x0000000002220000,0x0000000002320000)]

siginfo: ExceptionCode=0xc0000005, reading address 0xffffffffffffffff

Registers:
RAX=0x000000002771d5d9, RBX=0x0000000024b42bb0, RCX=0x3f80000000000000, RDX=0x0000000000000005
RSP=0x000000000231f300, RBP=0x0000000000000010, RSI=0x0000000024561b00, RDI=0x0000000000919c40
R8 =0x0000000024590400, R9 =0x0000000000919c40, R10=0x0000000000000003, R11=0x0000000067339450
R12=0x0000000000000000, R13=0x000000001b9c1668, R14=0x0000000000000000, R15=0x0000000024561bd0
RIP=0x00007ffc6415cc1d, EFLAGS=0x0000000000010206

Top of Stack: (sp=0x000000000231f300)
0x000000000231f300:   0000000000000000 0000000000000000
0x000000000231f310:   0000000000000000 0000000000000000
0x000000000231f320:   0000000000000000 0000000002320800
0x000000000231f330:   000000000231f500 000000000231f3d0
0x000000000231f340:   000000000231f490 00007ffc866b9886
0x000000000231f350:   0000000002320800 000000001b9c1670
0x000000000231f360:   000000000231f3f0 0000000000919c40
0x000000000231f370:   00000000024274c0 000000000243556b
0x000000000231f380:   0000000002320800 000000001b9c1670
0x000000000231f390:   0000000000000188 0000000002320800
0x000000000231f3a0:   0000000002435522 000000000231f468
0x000000000231f3b0:   000000001b9c1668 000000000231f500
0x000000000231f3c0:   000000001b9cb8f8 0000000000000000
0x000000000231f3d0:   000000001b9c1670 00000000024274c0
0x000000000231f3e0:   0000000000000188 000000001b9c1670
0x000000000231f3f0:   000000000231f4a8 00000000024357f4 

Instructions: (pc=0x00007ffc6415cc1d)
0x00007ffc6415cbfd:   75 35 40 84 f6 75 3c 83 7b 08 07 75 2f 83 7b 08
0x00007ffc6415cc0d:   07 75 30 48 85 ff 74 2b 48 8b 0f 48 85 c9 74 5c
0x00007ffc6415cc1d:   48 8b 41 f0 48 83 c1 f0 ff 50 10 83 f8 02 74 4c
0x00007ffc6415cc2d:   b8 da ff ff ff eb 69 40 84 f6 74 d1 b8 ce ff ff 


Register to memory mapping:

RAX=0x000000002771d5d9 is an unknown value
RBX=0x0000000024b42bb0 is an unknown value
RCX=0x3f80000000000000 is an unknown value
RDX=0x0000000000000005 is an unknown value
RSP=0x000000000231f300 is pointing into the stack for thread: 0x0000000002320800
RBP=0x0000000000000010 is an unknown value
RSI=0x0000000024561b00 is an unknown value
RDI=0x0000000000919c40 is an unknown value
R8 =0x0000000024590400 is an unknown value
R9 =0x0000000000919c40 is an unknown value
R10=0x0000000000000003 is an unknown value
R11=0x0000000067339450 is an unknown value
R12=0x0000000000000000 is an unknown value
R13=0x000000001b9c1668 is pointing into metadata
R14=0x0000000000000000 is an unknown value
R15=0x0000000024561bd0 is an unknown value


Stack: [0x0000000002220000,0x0000000002320000],  sp=0x000000000231f300,  free space=1020k
Native frames: (J=compiled Java code, j=interpreted, Vv=VM code, C=native code)
C  [amdocl64.dll+0x23cc1d]
C  [bridj.dll+0x9886]

Java frames: (J=compiled Java code, j=interpreted, Vv=VM code)
j  com.nativelibs4java.opencl.library.OpenCLLibrary.clSetKernelArg(JIJJ)I+0
j  com.nativelibs4java.opencl.CLKernel.setKernelArg(IJLorg/bridj/Pointer;)V+52
j  com.nativelibs4java.opencl.CLKernel.setArg(ILorg/bridj/Pointer;)V+7
j  com.nativelibs4java.opencl.CLKernel.setObjectArg(ILjava/lang/Object;)V+428
j  com.nativelibs4java.opencl.CLKernel.setArgs([Ljava/lang/Object;)V+15
j  com.Matrix.mul([[F[[F)[[F+397
j  com.JavaCLProgram.main([Ljava/lang/String;)V+68
v  ~StubRoutines::call_stub

---------------  P R O C E S S  ---------------

Java Threads: ( => current thread )
  0x000000001e059800 JavaThread "Service Thread" daemon [_thread_blocked, id=4132, stack(0x000000001e9a0000,0x000000001eaa0000)]
  0x000000001dfd8000 JavaThread "C1 CompilerThread3" daemon [_thread_blocked, id=7112, stack(0x000000001e8a0000,0x000000001e9a0000)]
  0x000000001dfcf000 JavaThread "C2 CompilerThread2" daemon [_thread_blocked, id=7856, stack(0x000000001e7a0000,0x000000001e8a0000)]
  0x000000001dfcc800 JavaThread "C2 CompilerThread1" daemon [_thread_blocked, id=6044, stack(0x000000001e6a0000,0x000000001e7a0000)]
  0x000000001dfc9800 JavaThread "C2 CompilerThread0" daemon [_thread_blocked, id=5852, stack(0x000000001e5a0000,0x000000001e6a0000)]
  0x000000001dfc6000 JavaThread "Attach Listener" daemon [_thread_blocked, id=7264, stack(0x000000001e4a0000,0x000000001e5a0000)]
  0x000000001dfc5000 JavaThread "Signal Dispatcher" daemon [_thread_blocked, id=3148, stack(0x000000001e3a0000,0x000000001e4a0000)]
  0x000000000241a000 JavaThread "Finalizer" daemon [_thread_blocked, id=8124, stack(0x000000001ddc0000,0x000000001dec0000)]
  0x000000001beec800 JavaThread "Reference Handler" daemon [_thread_blocked, id=7376, stack(0x000000001dcc0000,0x000000001ddc0000)]
=>0x0000000002320800 JavaThread "main" [_thread_in_native, id=2620, stack(0x0000000002220000,0x0000000002320000)]

Other Threads:
  0x000000001bee8000 VMThread [stack: 0x000000001dbc0000,0x000000001dcc0000] [id=4268]
  0x000000001e07e800 WatcherThread [stack: 0x000000001eaa0000,0x000000001eba0000] [id=5548]

VM state:not at safepoint (normal execution)

VM Mutex/Monitor currently owned by a thread: None

Heap:
 PSYoungGen      total 76288K, used 10494K [0x000000076ad80000, 0x0000000770280000, 0x00000007c0000000)
  eden space 65536K, 16% used [0x000000076ad80000,0x000000076b7bf800,0x000000076ed80000)
  from space 10752K, 0% used [0x000000076f800000,0x000000076f800000,0x0000000770280000)
  to   space 10752K, 0% used [0x000000076ed80000,0x000000076ed80000,0x000000076f800000)
 ParOldGen       total 175104K, used 0K [0x00000006c0800000, 0x00000006cb300000, 0x000000076ad80000)
  object space 175104K, 0% used [0x00000006c0800000,0x00000006c0800000,0x00000006cb300000)
 Metaspace       used 5658K, capacity 5892K, committed 6144K, reserved 1056768K
  class space    used 655K, capacity 690K, committed 768K, reserved 1048576K

Card table byte_map: [0x00000000117e0000,0x0000000011fe0000] byte_map_base: 0x000000000e1dc000

Marking Bits: (ParMarkBitMap*) 0x000000006791a5b0
 Begin Bits: [0x0000000012d40000, 0x0000000016d20000)
 End Bits:   [0x0000000016d20000, 0x000000001ad00000)

Polling page: 0x0000000000470000

CodeCache: size=245760Kb used=2157Kb max_used=2157Kb free=243602Kb
 bounds [0x0000000002420000, 0x0000000002690000, 0x0000000011420000]
 total_blobs=852 nmethods=483 adapters=283
 compilation: enabled

Compilation events (10 events):
Event: 0.707 Thread 0x000000001dfd8000  476       3       java.util.regex.ASCII::isType (15 bytes)
Event: 0.707 Thread 0x000000001dfd8000 nmethod 476 0x0000000002634d50 code [0x0000000002634ec0, 0x0000000002635130]
Event: 0.707 Thread 0x000000001dfd8000  479       3       java.util.zip.ZipCoder::getBytes (192 bytes)
Event: 0.709 Thread 0x000000001dfd8000 nmethod 479 0x0000000002637410 code [0x00000000026377c0, 0x0000000002639a98]
Event: 0.709 Thread 0x000000001dfd8000  482       3       java.util.regex.Pattern$Slice::match (79 bytes)
Event: 0.709 Thread 0x000000001dfd8000 nmethod 482 0x0000000002634190 code [0x0000000002634320, 0x00000000026347b8]
Event: 0.709 Thread 0x000000001dfd8000  480       3       java.util.zip.ZipCoder::encoder (35 bytes)
Event: 0.709 Thread 0x000000001dfd8000 nmethod 480 0x000000000263abd0 code [0x000000000263ad60, 0x000000000263b3e8]
Event: 0.710 Thread 0x000000001dfd8000  483       3       sun.misc.PerfCounter::addElapsedTimeFrom (10 bytes)
Event: 0.710 Thread 0x000000001dfd8000 nmethod 483 0x000000000263b590 code [0x000000000263b740, 0x000000000263be98]

GC Heap History (0 events):
No events

Deoptimization events (2 events):
Event: 0.154 Thread 0x0000000002320800 Uncommon trap: reason=unstable_if action=reinterpret pc=0x000000000257102c method=java.lang.String.lastIndexOf(II)I @ 23
Event: 0.706 Thread 0x0000000002320800 Uncommon trap: reason=unstable_if action=reinterpret pc=0x00000000025a86c0 method=java.lang.String.<init>([CII)V @ 18

Internal exceptions (10 events):
Event: 0.399 Thread 0x0000000002320800 Exception <a 'java/lang/NoSuchMethodError': clRetainMemObject> (0x000000076b6cb7f0) thrown at [C:\workspace\8-2-build-windows-amd64-cygwin\jdk8u65\4987\hotspot\src\share\vm\prims\jni.cpp, line 1591]
Event: 0.399 Thread 0x0000000002320800 Exception <a 'java/lang/NoSuchMethodError': clCreateSubBuffer> (0x000000076b6cba58) thrown at [C:\workspace\8-2-build-windows-amd64-cygwin\jdk8u65\4987\hotspot\src\share\vm\prims\jni.cpp, line 1591]
Event: 0.399 Thread 0x0000000002320800 Exception <a 'java/lang/NoSuchMethodError': clEnqueueWaitForEvents> (0x000000076b6cbcc8) thrown at [C:\workspace\8-2-build-windows-amd64-cygwin\jdk8u65\4987\hotspot\src\share\vm\prims\jni.cpp, line 1591]
Event: 0.399 Thread 0x0000000002320800 Exception <a 'java/lang/NoSuchMethodError': clGetGLTextureInfo> (0x000000076b6cbf30) thrown at [C:\workspace\8-2-build-windows-amd64-cygwin\jdk8u65\4987\hotspot\src\share\vm\prims\jni.cpp, line 1591]
Event: 0.399 Thread 0x0000000002320800 Exception <a 'java/lang/NoSuchMethodError': clGetExtensionFunctionAddress> (0x000000076b6cc1b0) thrown at [C:\workspace\8-2-build-windows-amd64-cygwin\jdk8u65\4987\hotspot\src\share\vm\prims\jni.cpp, line 1591]
Event: 0.399 Thread 0x0000000002320800 Exception <a 'java/lang/NoSuchMethodError': clEnqueueReleaseGLObjects> (0x000000076b6cc428) thrown at [C:\workspace\8-2-build-windows-amd64-cygwin\jdk8u65\4987\hotspot\src\share\vm\prims\jni.cpp, line 1591]
Event: 0.399 Thread 0x0000000002320800 Exception <a 'java/lang/NoSuchMethodError': clEnqueueAcquireGLObjects> (0x000000076b6cc6a0) thrown at [C:\workspace\8-2-build-windows-amd64-cygwin\jdk8u65\4987\hotspot\src\share\vm\prims\jni.cpp, line 1591]
Event: 0.399 Thread 0x0000000002320800 Exception <a 'java/lang/NoSuchMethodError': clGetGLObjectInfo> (0x000000076b6cc908) thrown at [C:\workspace\8-2-build-windows-amd64-cygwin\jdk8u65\4987\hotspot\src\share\vm\prims\jni.cpp, line 1591]
Event: 0.399 Thread 0x0000000002320800 Exception <a 'java/lang/NoSuchMethodError': clCreateFromGLTexture> (0x000000076b6ccb78) thrown at [C:\workspace\8-2-build-windows-amd64-cygwin\jdk8u65\4987\hotspot\src\share\vm\prims\jni.cpp, line 1591]
Event: 0.402 Thread 0x0000000002320800 Exception <a 'java/lang/UnsatisfiedLinkError': com.nativelibs4java.opencl.library.OpenCLLibrary.clIcdGetPlatformIDsKHR(IJJ)I> (0x000000076b6e3a08) thrown at [C:\workspace\8-2-build-windows-amd64-cygwin\jdk8u65\4987\hotspot\src\share\vm\prims\nativeLookup.c/ÄüöãŒÙ?

Events (10 events):
Event: 0.764 loading class com/nativelibs4java/opencl/CLKernel
Event: 0.764 loading class com/nativelibs4java/opencl/CLKernel done
Event: 0.765 loading class com/nativelibs4java/opencl/CLKernel$2
Event: 0.765 loading class com/nativelibs4java/opencl/CLKernel$2 done
Event: 0.766 loading class com/nativelibs4java/opencl/CLKernel$1
Event: 0.766 loading class com/nativelibs4java/opencl/CLKernel$1 done
Event: 0.766 loading class com/nativelibs4java/opencl/CLKernel$3
Event: 0.766 loading class com/nativelibs4java/opencl/CLKernel$3 done
Event: 0.767 loading class com/nativelibs4java/opencl/LocalSize
Event: 0.767 loading class com/nativelibs4java/opencl/LocalSize done


Dynamic libraries:
0x00007ff76b240000 - 0x00007ff76b277000 	C:\Program Files\Java\jdk1.8.0_65\bin\java.exe
0x00007ffc9cc10000 - 0x00007ffc9cdd1000 	C:\WINDOWS\SYSTEM32\ntdll.dll
0x00007ffc9bdb0000 - 0x00007ffc9be5d000 	C:\WINDOWS\system32\KERNEL32.DLL
0x00007ffc99ad0000 - 0x00007ffc99cb8000 	C:\WINDOWS\system32\KERNELBASE.dll
0x00007ffc9a010000 - 0x00007ffc9a0b7000 	C:\WINDOWS\system32\ADVAPI32.dll
0x00007ffc9a280000 - 0x00007ffc9a31d000 	C:\WINDOWS\system32\msvcrt.dll
0x00007ffc9cbb0000 - 0x00007ffc9cc0b000 	C:\WINDOWS\system32\sechost.dll
0x00007ffc9be60000 - 0x00007ffc9bf7c000 	C:\WINDOWS\system32\RPCRT4.dll
0x00007ffc9c4a0000 - 0x00007ffc9c5f6000 	C:\WINDOWS\system32\USER32.dll
0x00007ffc9c710000 - 0x00007ffc9c896000 	C:\WINDOWS\system32\GDI32.dll
0x00007ffc87b60000 - 0x00007ffc87dd4000 	C:\WINDOWS\WinSxS\amd64_microsoft.windows.common-controls_6595b64144ccf1df_6.0.10586.0_none_8c15ae12515e1c22\COMCTL32.dll
0x00007ffc9bfe0000 - 0x00007ffc9c25d000 	C:\WINDOWS\system32\combase.dll
0x00007ffc99ef0000 - 0x00007ffc99f5a000 	C:\WINDOWS\system32\bcryptPrimitives.dll
0x00007ffc9bcb0000 - 0x00007ffc9bceb000 	C:\WINDOWS\system32\IMM32.DLL
0x0000000067030000 - 0x0000000067102000 	C:\Program Files\Java\jdk1.8.0_65\jre\bin\msvcr100.dll
0x0000000067110000 - 0x0000000067999000 	C:\Program Files\Java\jdk1.8.0_65\jre\bin\server\jvm.dll
0x00007ffc9c490000 - 0x00007ffc9c498000 	C:\WINDOWS\system32\PSAPI.DLL
0x00007ffc94520000 - 0x00007ffc94529000 	C:\WINDOWS\SYSTEM32\WSOCK32.dll
0x00007ffc97570000 - 0x00007ffc97593000 	C:\WINDOWS\SYSTEM32\WINMM.dll
0x00007ffc93540000 - 0x00007ffc9354a000 	C:\WINDOWS\SYSTEM32\VERSION.dll
0x00007ffc9c420000 - 0x00007ffc9c48b000 	C:\WINDOWS\system32\WS2_32.dll
0x00007ffc97510000 - 0x00007ffc9753c000 	C:\WINDOWS\SYSTEM32\WINMMBASE.dll
0x00007ffc99430000 - 0x00007ffc99473000 	C:\WINDOWS\system32\cfgmgr32.dll
0x0000000066fe0000 - 0x0000000066fef000 	C:\Program Files\Java\jdk1.8.0_65\jre\bin\verify.dll
0x0000000066fb0000 - 0x0000000066fd9000 	C:\Program Files\Java\jdk1.8.0_65\jre\bin\java.dll
0x0000000066f90000 - 0x0000000066fa6000 	C:\Program Files\Java\jdk1.8.0_65\jre\bin\zip.dll
0x00007ffc9a750000 - 0x00007ffc9bcaf000 	C:\WINDOWS\system32\SHELL32.dll
0x00007ffc99480000 - 0x00007ffc99ac4000 	C:\WINDOWS\system32\windows.storage.dll
0x00007ffc9c8a0000 - 0x00007ffc9c8f2000 	C:\WINDOWS\system32\shlwapi.dll
0x00007ffc99250000 - 0x00007ffc9925f000 	C:\WINDOWS\system32\kernel.appcore.dll
0x00007ffc99370000 - 0x00007ffc99425000 	C:\WINDOWS\system32\shcore.dll
0x00007ffc99270000 - 0x00007ffc992bb000 	C:\WINDOWS\system32\powrprof.dll
0x00007ffc99230000 - 0x00007ffc99244000 	C:\WINDOWS\system32\profapi.dll
0x00007ffc98c10000 - 0x00007ffc98c27000 	C:\WINDOWS\SYSTEM32\CRYPTSP.dll
0x00007ffc988a0000 - 0x00007ffc988d4000 	C:\WINDOWS\system32\rsaenh.dll
0x00007ffc98e30000 - 0x00007ffc98e59000 	C:\WINDOWS\SYSTEM32\bcrypt.dll
0x00007ffc989f0000 - 0x00007ffc98a0f000 	C:\WINDOWS\SYSTEM32\USERENV.dll
0x00007ffc98d30000 - 0x00007ffc98d3b000 	C:\WINDOWS\SYSTEM32\CRYPTBASE.dll
0x0000000066f70000 - 0x0000000066f8a000 	C:\Program Files\Java\jdk1.8.0_65\jre\bin\net.dll
0x00007ffc98b60000 - 0x00007ffc98bbc000 	C:\WINDOWS\system32\mswsock.dll
0x00007ffc95df0000 - 0x00007ffc95e28000 	C:\WINDOWS\SYSTEM32\IPHLPAPI.DLL
0x00007ffc9bcf0000 - 0x00007ffc9bcf8000 	C:\WINDOWS\system32\NSI.dll
0x00007ffc959e0000 - 0x00007ffc959f6000 	C:\WINDOWS\SYSTEM32\dhcpcsvc6.DLL
0x00007ffc95920000 - 0x00007ffc9593a000 	C:\WINDOWS\SYSTEM32\dhcpcsvc.DLL
0x0000000066f50000 - 0x0000000066f61000 	C:\Program Files\Java\jdk1.8.0_65\jre\bin\nio.dll
0x00007ffc866b0000 - 0x00007ffc866d9000 	C:\Users\brown\AppData\Local\Temp\BridJExtractedLibraries4279042973350409569\bridj.dll
0x00007ffc86890000 - 0x00007ffc868a6000 	C:\Program Files (x86)\AMD APP SDK\2.9-1\bin\x86_64\OpenCL.dll
0x00007ffc63f20000 - 0x00007ffc66f04000 	C:\WINDOWS\SYSTEM32\amdocl64.dll
0x00007ffc9a320000 - 0x00007ffc9a749000 	C:\WINDOWS\system32\SETUPAPI.dll
0x00007ffc86bf0000 - 0x00007ffc86d19000 	C:\WINDOWS\SYSTEM32\OPENGL32.dll
0x00007ffc757d0000 - 0x00007ffc7595c000 	C:\WINDOWS\SYSTEM32\dbghelp.dll
0x00007ffc86bc0000 - 0x00007ffc86bee000 	C:\WINDOWS\SYSTEM32\GLU32.dll
0x00007ffc86ac0000 - 0x00007ffc86bba000 	C:\WINDOWS\SYSTEM32\DDRAW.dll
0x00007ffc88e70000 - 0x00007ffc88e78000 	C:\WINDOWS\SYSTEM32\DCIMAN32.dll
0x00007ffc7c650000 - 0x00007ffc7c798000 	C:\WINDOWS\SYSTEM32\atiadlxx.DLL
0x00007ffc9a0c0000 - 0x00007ffc9a203000 	C:\WINDOWS\system32\ole32.dll
0x00007ffc97210000 - 0x00007ffc97223000 	C:\WINDOWS\SYSTEM32\WTSAPI32.dll
0x00007ffc97230000 - 0x00007ffc973b6000 	C:\WINDOWS\SYSTEM32\PROPSYS.dll
0x00007ffc9c900000 - 0x00007ffc9c9c1000 	C:\WINDOWS\system32\OLEAUT32.dll
0x00007ffc97d00000 - 0x00007ffc97d27000 	C:\WINDOWS\SYSTEM32\DEVOBJ.dll
0x00007ffc99cc0000 - 0x00007ffc99d15000 	C:\WINDOWS\system32\WINTRUST.dll
0x00007ffc99260000 - 0x00007ffc99270000 	C:\WINDOWS\system32\MSASN1.dll
0x00007ffc99d20000 - 0x00007ffc99ee7000 	C:\WINDOWS\system32\CRYPT32.dll
0x00007ffc67460000 - 0x00007ffc68f28000 	C:\WINDOWS\SYSTEM32\amdocl12cl64.dll
0x00007ffc96b10000 - 0x00007ffc96b32000 	C:\WINDOWS\SYSTEM32\dwmapi.dll
0x00007ffc86a70000 - 0x00007ffc86a9c000 	C:\WINDOWS\SYSTEM32\atig6txx.dll

VM Arguments:
jvm_args: -Dfile.encoding=UTF-8 
java_command: com.JavaCLProgram
java_class_path (initial): C:\Users\brown\Documents\lib\javacl-1.0.0-RC4.jar;C:\Users\brown\Documents\CloudCompute\CloudCompute\JavaCLProgram\build\classes
Launcher Type: SUN_STANDARD

Environment Variables:
PATH=C:\ProgramData\Oracle\Java\javapath;C:\Users\brown\AMD APP SDK\2.9-1\bin\x86_64;C:\Users\brown\AMD APP SDK\2.9-1\bin\x86;C:\Program Files (x86)\AMD APP SDK\2.9-1\bin\x86_64;C:\Program Files (x86)\AMD APP SDK\2.9-1\bin\x86;C:\WINDOWS\system32;C:\WINDOWS;C:\WINDOWS\System32\Wbem;C:\WINDOWS\System32\WindowsPowerShell\v1.0\;C:\Program Files (x86)\ATI Technologies\ATI.ACE\Core-Static;C:\WINDOWS\system32\config\systemprofile\.dnx\bin;C:\Program Files\Microsoft DNX\Dnvm\;C:\Program Files (x86)\Windows Kits\8.1\Windows Performance Toolkit\;C:\Program Files (x86)\AMD\ATI.ACE\Core-Static;C:\Program Files (x86)\Skype\Phone\;C:\Program Files (x86)\GtkSharp\2.12\bin;C:\Program Files\nodejs\;C:\Users\brown\AppData\Roaming\npm
USERNAME=brown
OS=Windows_NT
PROCESSOR_IDENTIFIER=AMD64 Family 21 Model 2 Stepping 0, AuthenticAMD



---------------  S Y S T E M  ---------------

OS: Windows 10.0 , 64 bit Build 10586 (10.0.10586.0)

CPU:total 8 (8 cores per cpu, 1 threads per core) family 21 model 2 stepping 0, cmov, cx8, fxsr, mmx, sse, sse2, sse3, ssse3, sse4.1, sse4.2, popcnt, avx, aes, clmul, mmxext, 3dnowpref, lzcnt, sse4a, tsc, tscinvbit, tscinv, bmi1

Memory: 4k page, physical 16741496k(12703412k free), swap 19231864k(14077072k free)

vm_info: Java HotSpot(TM) 64-Bit Server VM (25.65-b01) for windows-amd64 JRE (1.8.0_65-b17), built on Oct  6 2015 16:39:20 by "java_re" with MS VC++ 10.0 (VS2010)

time: Sat Jan 30 20:35:31 2016
elapsed time: 0 seconds (0d 0h 0m 0s)

