#
# A fatal error has been detected by the Java Runtime Environment:
#
#  EXCEPTION_ACCESS_VIOLATION (0xc0000005) at pc=0x00007ffc6415cc1d, pid=6472, tid=5852
#
# JRE version: Java(TM) SE Runtime Environment (8.0_65-b17) (build 1.8.0_65-b17)
# Java VM: Java HotSpot(TM) 64-Bit Server VM (25.65-b01 mixed mode windows-amd64 compressed oops)
# Problematic frame:
# C  [amdocl64.dll+0x23cc1d]
#
# Failed to write core dump. Minidumps are not enabled by default on client versions of Windows
#
# If you would like to submit a bug report, please visit:
#   http://bugreport.java.com/bugreport/crash.jsp
# The crash happened outside the Java Virtual Machine in native code.
# See problematic frame for where to report the bug.
#

---------------  T H R E A D  ---------------

Current thread (0x00000000023a0800):  JavaThread "main" [_thread_in_native, id=5852, stack(0x00000000021e0000,0x00000000022e0000)]

siginfo: ExceptionCode=0xc0000005, reading address 0xffffffffffffffff

Registers:
RAX=0x0000000027747ae9, RBX=0x0000000024b6abb0, RCX=0x3f80000000000000, RDX=0x0000000000000005
RSP=0x00000000022df190, RBP=0x0000000000000010, RSI=0x000000001f375300, RDI=0x000000001f119550
R8 =0x00000000245b9010, R9 =0x000000001f119550, R10=0x0000000000000003, R11=0x0000000067339450
R12=0x0000000000000000, R13=0x000000001ba41668, R14=0x0000000000000000, R15=0x000000001f375330
RIP=0x00007ffc6415cc1d, EFLAGS=0x0000000000010206

Top of Stack: (sp=0x00000000022df190)
0x00000000022df190:   0000000000000000 0000000000000000
0x00000000022df1a0:   0000000000000000 0000000000000000
0x00000000022df1b0:   0000000000000000 00000000023a0800
0x00000000022df1c0:   00000000022df390 00000000022df260
0x00000000022df1d0:   00000000022df320 00007ffc86c09886
0x00000000022df1e0:   00000000023a0800 000000001ba41670
0x00000000022df1f0:   00000000022df280 000000001f119550
0x00000000022df200:   00000000024a74c0 00000000024b556b
0x00000000022df210:   00000000023a0800 000000001ba41670
0x00000000022df220:   0000000000000188 00000000023a0800
0x00000000022df230:   00000000024b5522 00000000022df2f8
0x00000000022df240:   000000001ba41668 00000000022df390
0x00000000022df250:   000000001ba4b8f8 0000000000000000
0x00000000022df260:   000000001ba41670 00000000024a74c0
0x00000000022df270:   0000000000000188 000000001ba41670
0x00000000022df280:   00000000022df338 00000000024b57f4 

Instructions: (pc=0x00007ffc6415cc1d)
0x00007ffc6415cbfd:   75 35 40 84 f6 75 3c 83 7b 08 07 75 2f 83 7b 08
0x00007ffc6415cc0d:   07 75 30 48 85 ff 74 2b 48 8b 0f 48 85 c9 74 5c
0x00007ffc6415cc1d:   48 8b 41 f0 48 83 c1 f0 ff 50 10 83 f8 02 74 4c
0x00007ffc6415cc2d:   b8 da ff ff ff eb 69 40 84 f6 74 d1 b8 ce ff ff 


Register to memory mapping:

RAX=0x0000000027747ae9 is an unknown value
RBX=0x0000000024b6abb0 is an unknown value
RCX=0x3f80000000000000 is an unknown value
RDX=0x0000000000000005 is an unknown value
RSP=0x00000000022df190 is pointing into the stack for thread: 0x00000000023a0800
RBP=0x0000000000000010 is an unknown value
RSI=0x000000001f375300 is an unknown value
RDI=0x000000001f119550 is an unknown value
R8 =0x00000000245b9010 is an unknown value
R9 =0x000000001f119550 is an unknown value
R10=0x0000000000000003 is an unknown value
R11=0x0000000067339450 is an unknown value
R12=0x0000000000000000 is an unknown value
R13=0x000000001ba41668 is pointing into metadata
R14=0x0000000000000000 is an unknown value
R15=0x000000001f375330 is an unknown value


Stack: [0x00000000021e0000,0x00000000022e0000],  sp=0x00000000022df190,  free space=1020k
Native frames: (J=compiled Java code, j=interpreted, Vv=VM code, C=native code)
C  [amdocl64.dll+0x23cc1d]
C  [bridj.dll+0x9886]

Java frames: (J=compiled Java code, j=interpreted, Vv=VM code)
j  com.nativelibs4java.opencl.library.OpenCLLibrary.clSetKernelArg(JIJJ)I+0
j  com.nativelibs4java.opencl.CLKernel.setKernelArg(IJLorg/bridj/Pointer;)V+52
j  com.nativelibs4java.opencl.CLKernel.setArg(ILorg/bridj/Pointer;)V+7
j  com.nativelibs4java.opencl.CLKernel.setObjectArg(ILjava/lang/Object;)V+428
j  com.nativelibs4java.opencl.CLKernel.setArgs([Ljava/lang/Object;)V+15
j  com.Matrix.mul([[F[[F)[[F+397
j  com.JavaCLProgram.main([Ljava/lang/String;)V+68
v  ~StubRoutines::call_stub

---------------  P R O C E S S  ---------------

Java Threads: ( => current thread )
  0x000000001e061000 JavaThread "Service Thread" daemon [_thread_blocked, id=5572, stack(0x000000001ea10000,0x000000001eb10000)]
  0x000000001e045800 JavaThread "C1 CompilerThread3" daemon [_thread_blocked, id=6888, stack(0x000000001e910000,0x000000001ea10000)]
  0x000000001e040800 JavaThread "C2 CompilerThread2" daemon [_thread_blocked, id=5168, stack(0x000000001e810000,0x000000001e910000)]
  0x000000001e03c000 JavaThread "C2 CompilerThread1" daemon [_thread_blocked, id=5856, stack(0x000000001e710000,0x000000001e810000)]
  0x000000001e039000 JavaThread "C2 CompilerThread0" daemon [_thread_blocked, id=8048, stack(0x000000001e610000,0x000000001e710000)]
  0x000000001e035800 JavaThread "Attach Listener" daemon [_thread_blocked, id=7480, stack(0x000000001e510000,0x000000001e610000)]
  0x000000001e035000 JavaThread "Signal Dispatcher" daemon [_thread_blocked, id=5564, stack(0x000000001e410000,0x000000001e510000)]
  0x0000000002499000 JavaThread "Finalizer" daemon [_thread_blocked, id=7184, stack(0x000000001de30000,0x000000001df30000)]
  0x000000001bf6d800 JavaThread "Reference Handler" daemon [_thread_blocked, id=7196, stack(0x000000001dd30000,0x000000001de30000)]
=>0x00000000023a0800 JavaThread "main" [_thread_in_native, id=5852, stack(0x00000000021e0000,0x00000000022e0000)]

Other Threads:
  0x000000001bf69800 VMThread [stack: 0x000000001dc30000,0x000000001dd30000] [id=1248]
  0x000000001e063000 WatcherThread [stack: 0x000000001eb10000,0x000000001ec10000] [id=4588]

VM state:not at safepoint (normal execution)

VM Mutex/Monitor currently owned by a thread: None

Heap:
 PSYoungGen      total 76288K, used 10486K [0x000000076ad80000, 0x0000000770280000, 0x00000007c0000000)
  eden space 65536K, 16% used [0x000000076ad80000,0x000000076b7bd908,0x000000076ed80000)
  from space 10752K, 0% used [0x000000076f800000,0x000000076f800000,0x0000000770280000)
  to   space 10752K, 0% used [0x000000076ed80000,0x000000076ed80000,0x000000076f800000)
 ParOldGen       total 175104K, used 0K [0x00000006c0800000, 0x00000006cb300000, 0x000000076ad80000)
  object space 175104K, 0% used [0x00000006c0800000,0x00000006c0800000,0x00000006cb300000)
 Metaspace       used 5651K, capacity 5892K, committed 6144K, reserved 1056768K
  class space    used 655K, capacity 690K, committed 768K, reserved 1048576K

Card table byte_map: [0x0000000011860000,0x0000000012060000] byte_map_base: 0x000000000e25c000

Marking Bits: (ParMarkBitMap*) 0x000000006791a5b0
 Begin Bits: [0x0000000012dc0000, 0x0000000016da0000)
 End Bits:   [0x0000000016da0000, 0x000000001ad80000)

Polling page: 0x0000000002060000

CodeCache: size=245760Kb used=2136Kb max_used=2136Kb free=243623Kb
 bounds [0x00000000024a0000, 0x0000000002710000, 0x00000000114a0000]
 total_blobs=846 nmethods=477 adapters=283
 compilation: enabled

Compilation events (10 events):
Event: 0.684 Thread 0x000000001e045800  472       3       java.util.regex.ASCII::getType (17 bytes)
Event: 0.684 Thread 0x000000001e045800 nmethod 472 0x00000000026b3e50 code [0x00000000026b3fc0, 0x00000000026b4190]
Event: 0.684 Thread 0x000000001e045800  470       3       java.util.regex.Pattern$Ctype::isSatisfiedBy (24 bytes)
Event: 0.684 Thread 0x000000001e045800 nmethod 470 0x00000000026b37d0 code [0x00000000026b3940, 0x00000000026b3cd0]
Event: 0.686 Thread 0x000000001e045800  475       3       java.util.regex.Pattern$Slice::match (79 bytes)
Event: 0.686 Thread 0x000000001e045800 nmethod 475 0x00000000026b2c10 code [0x00000000026b2da0, 0x00000000026b3238]
Event: 0.687 Thread 0x000000001e045800  476       3       sun.misc.PerfCounter::addElapsedTimeFrom (10 bytes)
Event: 0.687 Thread 0x000000001e045800 nmethod 476 0x00000000026b5e90 code [0x00000000026b6040, 0x00000000026b6798]
Event: 0.742 Thread 0x000000001e045800  477       3       java.lang.String::<init> (82 bytes)
Event: 0.743 Thread 0x000000001e045800 nmethod 477 0x00000000026b6b10 code [0x00000000026b6ce0, 0x00000000026b71d8]

GC Heap History (0 events):
No events

Deoptimization events (2 events):
Event: 0.156 Thread 0x00000000023a0800 Uncommon trap: reason=unstable_if action=reinterpret pc=0x00000000025f0fec method=java.lang.String.lastIndexOf(II)I @ 23
Event: 0.683 Thread 0x00000000023a0800 Uncommon trap: reason=unstable_if action=reinterpret pc=0x000000000262a380 method=java.lang.String.<init>([CII)V @ 18

Internal exceptions (10 events):
Event: 0.397 Thread 0x00000000023a0800 Exception <a 'java/lang/NoSuchMethodError': clGetKernelWorkGroupInfo> (0x000000076b6cd4e0) thrown at [C:\workspace\8-2-build-windows-amd64-cygwin\jdk8u65\4987\hotspot\src\share\vm\prims\jni.cpp, line 1591]
Event: 0.397 Thread 0x00000000023a0800 Exception <a 'java/lang/NoSuchMethodError': clEnqueueMarkerWithWaitList> (0x000000076b6cd758) thrown at [C:\workspace\8-2-build-windows-amd64-cygwin\jdk8u65\4987\hotspot\src\share\vm\prims\jni.cpp, line 1591]
Event: 0.397 Thread 0x00000000023a0800 Exception <a 'java/lang/NoSuchMethodError': clGetGLTextureInfo> (0x000000076b6cd9c0) thrown at [C:\workspace\8-2-build-windows-amd64-cygwin\jdk8u65\4987\hotspot\src\share\vm\prims\jni.cpp, line 1591]
Event: 0.397 Thread 0x00000000023a0800 Exception <a 'java/lang/NoSuchMethodError': clEnqueueWaitForEvents> (0x000000076b6cdc30) thrown at [C:\workspace\8-2-build-windows-amd64-cygwin\jdk8u65\4987\hotspot\src\share\vm\prims\jni.cpp, line 1591]
Event: 0.397 Thread 0x00000000023a0800 Exception <a 'java/lang/NoSuchMethodError': clEnqueueReleaseGLObjects> (0x000000076b6cdea8) thrown at [C:\workspace\8-2-build-windows-amd64-cygwin\jdk8u65\4987\hotspot\src\share\vm\prims\jni.cpp, line 1591]
Event: 0.397 Thread 0x00000000023a0800 Exception <a 'java/lang/NoSuchMethodError': clCreateFromGLTexture> (0x000000076b6ce118) thrown at [C:\workspace\8-2-build-windows-amd64-cygwin\jdk8u65\4987\hotspot\src\share\vm\prims\jni.cpp, line 1591]
Event: 0.397 Thread 0x00000000023a0800 Exception <a 'java/lang/NoSuchMethodError': clGetExtensionFunctionAddress> (0x000000076b6ce398) thrown at [C:\workspace\8-2-build-windows-amd64-cygwin\jdk8u65\4987\hotspot\src\share\vm\prims\jni.cpp, line 1591]
Event: 0.397 Thread 0x00000000023a0800 Exception <a 'java/lang/NoSuchMethodError': clEnqueueAcquireGLObjects> (0x000000076b6ce610) thrown at [C:\workspace\8-2-build-windows-amd64-cygwin\jdk8u65\4987\hotspot\src\share\vm\prims\jni.cpp, line 1591]
Event: 0.397 Thread 0x00000000023a0800 Exception <a 'java/lang/NoSuchMethodError': clGetGLObjectInfo> (0x000000076b6ce878) thrown at [C:\workspace\8-2-build-windows-amd64-cygwin\jdk8u65\4987\hotspot\src\share\vm\prims\jni.cpp, line 1591]
Event: 0.400 Thread 0x00000000023a0800 Exception <a 'java/lang/UnsatisfiedLinkError': com.nativelibs4java.opencl.library.OpenCLLibrary.clIcdGetPlatformIDsKHR(IJJ)I> (0x000000076b6e5708) thrown at [C:\workspace\8-2-build-windows-amd64-cygwin\jdk8u65\4987\hotspot\src\share\vm\prims\nativeLookup.cˆËýFÜgÙ?

Events (10 events):
Event: 0.741 loading class com/nativelibs4java/opencl/CLKernel
Event: 0.741 loading class com/nativelibs4java/opencl/CLKernel done
Event: 0.742 loading class com/nativelibs4java/opencl/CLKernel$2
Event: 0.742 loading class com/nativelibs4java/opencl/CLKernel$2 done
Event: 0.742 loading class com/nativelibs4java/opencl/CLKernel$1
Event: 0.742 loading class com/nativelibs4java/opencl/CLKernel$1 done
Event: 0.743 loading class com/nativelibs4java/opencl/CLKernel$3
Event: 0.743 loading class com/nativelibs4java/opencl/CLKernel$3 done
Event: 0.743 loading class com/nativelibs4java/opencl/LocalSize
Event: 0.743 loading class com/nativelibs4java/opencl/LocalSize done


Dynamic libraries:
0x00007ff76b240000 - 0x00007ff76b277000 	C:\Program Files\Java\jdk1.8.0_65\bin\java.exe
0x00007ffc9cc10000 - 0x00007ffc9cdd1000 	C:\WINDOWS\SYSTEM32\ntdll.dll
0x00007ffc9bdb0000 - 0x00007ffc9be5d000 	C:\WINDOWS\system32\KERNEL32.DLL
0x00007ffc99ad0000 - 0x00007ffc99cb8000 	C:\WINDOWS\system32\KERNELBASE.dll
0x00007ffc9a010000 - 0x00007ffc9a0b7000 	C:\WINDOWS\system32\ADVAPI32.dll
0x00007ffc9a280000 - 0x00007ffc9a31d000 	C:\WINDOWS\system32\msvcrt.dll
0x00007ffc9cbb0000 - 0x00007ffc9cc0b000 	C:\WINDOWS\system32\sechost.dll
0x00007ffc9be60000 - 0x00007ffc9bf7c000 	C:\WINDOWS\system32\RPCRT4.dll
0x00007ffc9c4a0000 - 0x00007ffc9c5f6000 	C:\WINDOWS\system32\USER32.dll
0x00007ffc9c710000 - 0x00007ffc9c896000 	C:\WINDOWS\system32\GDI32.dll
0x00007ffc87b60000 - 0x00007ffc87dd4000 	C:\WINDOWS\WinSxS\amd64_microsoft.windows.common-controls_6595b64144ccf1df_6.0.10586.0_none_8c15ae12515e1c22\COMCTL32.dll
0x00007ffc9bfe0000 - 0x00007ffc9c25d000 	C:\WINDOWS\system32\combase.dll
0x00007ffc99ef0000 - 0x00007ffc99f5a000 	C:\WINDOWS\system32\bcryptPrimitives.dll
0x00007ffc9bcb0000 - 0x00007ffc9bceb000 	C:\WINDOWS\system32\IMM32.DLL
0x0000000067030000 - 0x0000000067102000 	C:\Program Files\Java\jdk1.8.0_65\jre\bin\msvcr100.dll
0x0000000067110000 - 0x0000000067999000 	C:\Program Files\Java\jdk1.8.0_65\jre\bin\server\jvm.dll
0x00007ffc9c490000 - 0x00007ffc9c498000 	C:\WINDOWS\system32\PSAPI.DLL
0x00007ffc94d70000 - 0x00007ffc94d79000 	C:\WINDOWS\SYSTEM32\WSOCK32.dll
0x00007ffc97570000 - 0x00007ffc97593000 	C:\WINDOWS\SYSTEM32\WINMM.dll
0x00007ffc93540000 - 0x00007ffc9354a000 	C:\WINDOWS\SYSTEM32\VERSION.dll
0x00007ffc9c420000 - 0x00007ffc9c48b000 	C:\WINDOWS\system32\WS2_32.dll
0x0000000002090000 - 0x00000000020bc000 	C:\WINDOWS\SYSTEM32\WINMMBASE.dll
0x00007ffc99430000 - 0x00007ffc99473000 	C:\WINDOWS\system32\cfgmgr32.dll
0x0000000066fe0000 - 0x0000000066fef000 	C:\Program Files\Java\jdk1.8.0_65\jre\bin\verify.dll
0x0000000066fb0000 - 0x0000000066fd9000 	C:\Program Files\Java\jdk1.8.0_65\jre\bin\java.dll
0x0000000066f90000 - 0x0000000066fa6000 	C:\Program Files\Java\jdk1.8.0_65\jre\bin\zip.dll
0x00007ffc9a750000 - 0x00007ffc9bcaf000 	C:\WINDOWS\system32\SHELL32.dll
0x00007ffc99480000 - 0x00007ffc99ac4000 	C:\WINDOWS\system32\windows.storage.dll
0x00007ffc9c8a0000 - 0x00007ffc9c8f2000 	C:\WINDOWS\system32\shlwapi.dll
0x00007ffc99250000 - 0x00007ffc9925f000 	C:\WINDOWS\system32\kernel.appcore.dll
0x00007ffc99370000 - 0x00007ffc99425000 	C:\WINDOWS\system32\shcore.dll
0x00007ffc99270000 - 0x00007ffc992bb000 	C:\WINDOWS\system32\powrprof.dll
0x00007ffc99230000 - 0x00007ffc99244000 	C:\WINDOWS\system32\profapi.dll
0x00007ffc98c10000 - 0x00007ffc98c27000 	C:\WINDOWS\SYSTEM32\CRYPTSP.dll
0x00007ffc988a0000 - 0x00007ffc988d4000 	C:\WINDOWS\system32\rsaenh.dll
0x00007ffc98e30000 - 0x00007ffc98e59000 	C:\WINDOWS\SYSTEM32\bcrypt.dll
0x00007ffc989f0000 - 0x00007ffc98a0f000 	C:\WINDOWS\SYSTEM32\USERENV.dll
0x00007ffc98d30000 - 0x00007ffc98d3b000 	C:\WINDOWS\SYSTEM32\CRYPTBASE.dll
0x0000000066f70000 - 0x0000000066f8a000 	C:\Program Files\Java\jdk1.8.0_65\jre\bin\net.dll
0x00007ffc98b60000 - 0x00007ffc98bbc000 	C:\WINDOWS\system32\mswsock.dll
0x00007ffc95df0000 - 0x00007ffc95e28000 	C:\WINDOWS\SYSTEM32\IPHLPAPI.DLL
0x00007ffc9bcf0000 - 0x00007ffc9bcf8000 	C:\WINDOWS\system32\NSI.dll
0x00007ffc959e0000 - 0x00007ffc959f6000 	C:\WINDOWS\SYSTEM32\dhcpcsvc6.DLL
0x00007ffc95920000 - 0x00007ffc9593a000 	C:\WINDOWS\SYSTEM32\dhcpcsvc.DLL
0x0000000066f50000 - 0x0000000066f61000 	C:\Program Files\Java\jdk1.8.0_65\jre\bin\nio.dll
0x00007ffc86c00000 - 0x00007ffc86c29000 	C:\Users\brown\AppData\Local\Temp\BridJExtractedLibraries3447167896495950704\bridj.dll
0x00007ffc86be0000 - 0x00007ffc86bf6000 	C:\Program Files (x86)\AMD APP SDK\2.9-1\bin\x86_64\OpenCL.dll
0x00007ffc63f20000 - 0x00007ffc66f04000 	C:\WINDOWS\SYSTEM32\amdocl64.dll
0x00007ffc9a320000 - 0x00007ffc9a749000 	C:\WINDOWS\system32\SETUPAPI.dll
0x00007ffc75830000 - 0x00007ffc75959000 	C:\WINDOWS\SYSTEM32\OPENGL32.dll
0x00007ffc754a0000 - 0x00007ffc7562c000 	C:\WINDOWS\SYSTEM32\dbghelp.dll
0x00007ffc88b50000 - 0x00007ffc88b7e000 	C:\WINDOWS\SYSTEM32\GLU32.dll
0x00007ffc86a90000 - 0x00007ffc86b8a000 	C:\WINDOWS\SYSTEM32\DDRAW.dll
0x00007ffc94520000 - 0x00007ffc94528000 	C:\WINDOWS\SYSTEM32\DCIMAN32.dll
0x00007ffc7c650000 - 0x00007ffc7c798000 	C:\WINDOWS\SYSTEM32\atiadlxx.DLL
0x00007ffc9a0c0000 - 0x00007ffc9a203000 	C:\WINDOWS\system32\ole32.dll
0x00007ffc97230000 - 0x00007ffc973b6000 	C:\WINDOWS\SYSTEM32\PROPSYS.dll
0x00007ffc97210000 - 0x00007ffc97223000 	C:\WINDOWS\SYSTEM32\WTSAPI32.dll
0x00007ffc9c900000 - 0x00007ffc9c9c1000 	C:\WINDOWS\system32\OLEAUT32.dll
0x00007ffc97d00000 - 0x00007ffc97d27000 	C:\WINDOWS\SYSTEM32\DEVOBJ.dll
0x00007ffc99cc0000 - 0x00007ffc99d15000 	C:\WINDOWS\system32\WINTRUST.dll
0x00007ffc99260000 - 0x00007ffc99270000 	C:\WINDOWS\system32\MSASN1.dll
0x00007ffc99d20000 - 0x00007ffc99ee7000 	C:\WINDOWS\system32\CRYPT32.dll
0x00007ffc67460000 - 0x00007ffc68f28000 	C:\WINDOWS\SYSTEM32\amdocl12cl64.dll
0x00007ffc96b10000 - 0x00007ffc96b32000 	C:\WINDOWS\SYSTEM32\dwmapi.dll
0x00007ffc86360000 - 0x00007ffc8638c000 	C:\WINDOWS\SYSTEM32\atig6txx.dll

VM Arguments:
jvm_args: -Dfile.encoding=UTF-8 
java_command: com.JavaCLProgram
java_class_path (initial): C:\Users\brown\Documents\lib\javacl-1.0.0-RC4.jar;C:\Users\brown\Documents\CloudCompute\CloudCompute\JavaCLProgram\build\classes
Launcher Type: SUN_STANDARD

Environment Variables:
PATH=C:\ProgramData\Oracle\Java\javapath;C:\Users\brown\AMD APP SDK\2.9-1\bin\x86_64;C:\Users\brown\AMD APP SDK\2.9-1\bin\x86;C:\Program Files (x86)\AMD APP SDK\2.9-1\bin\x86_64;C:\Program Files (x86)\AMD APP SDK\2.9-1\bin\x86;C:\WINDOWS\system32;C:\WINDOWS;C:\WINDOWS\System32\Wbem;C:\WINDOWS\System32\WindowsPowerShell\v1.0\;C:\Program Files (x86)\ATI Technologies\ATI.ACE\Core-Static;C:\WINDOWS\system32\config\systemprofile\.dnx\bin;C:\Program Files\Microsoft DNX\Dnvm\;C:\Program Files (x86)\Windows Kits\8.1\Windows Performance Toolkit\;C:\Program Files (x86)\AMD\ATI.ACE\Core-Static;C:\Program Files (x86)\Skype\Phone\;C:\Program Files (x86)\GtkSharp\2.12\bin;C:\Program Files\nodejs\;C:\Users\brown\AppData\Roaming\npm
USERNAME=brown
OS=Windows_NT
PROCESSOR_IDENTIFIER=AMD64 Family 21 Model 2 Stepping 0, AuthenticAMD



---------------  S Y S T E M  ---------------

OS: Windows 10.0 , 64 bit Build 10586 (10.0.10586.0)

CPU:total 8 (8 cores per cpu, 1 threads per core) family 21 model 2 stepping 0, cmov, cx8, fxsr, mmx, sse, sse2, sse3, ssse3, sse4.1, sse4.2, popcnt, avx, aes, clmul, mmxext, 3dnowpref, lzcnt, sse4a, tsc, tscinvbit, tscinv, bmi1

Memory: 4k page, physical 16741496k(12888920k free), swap 19231864k(14105980k free)

vm_info: Java HotSpot(TM) 64-Bit Server VM (25.65-b01) for windows-amd64 JRE (1.8.0_65-b17), built on Oct  6 2015 16:39:20 by "java_re" with MS VC++ 10.0 (VS2010)

time: Sat Jan 30 20:46:18 2016
elapsed time: 0 seconds (0d 0h 0m 0s)

